-- Attaching packages --------------------------------------- tidyverse 1.3.1 --
v ggplot2 3.3.6     v purrr   0.3.4
v tibble  3.1.7     v dplyr   1.0.9
v tidyr   1.2.0     v stringr 1.4.0
v readr   2.1.2     v forcats 0.5.1
-- Conflicts ------------------------------------------ tidyverse_conflicts() --
x dplyr::filter() masks stats::filter()
x dplyr::lag()    masks stats::lag()
Warning messages:
1: package 'tidyr' was built under R version 4.0.5 
2: package 'readr' was built under R version 4.0.5 

Attaching package: 'rvest'

The following object is masked from 'package:readr':

    guess_encoding


Attaching package: 'gmailr'

The following object is masked from 'package:dplyr':

    id

The following object is masked from 'package:utils':

    history

The following objects are masked from 'package:base':

    body, date, labels, message

Rows: 120 Columns: 5
-- Column specification --------------------------------------------------------
Delimiter: ","
chr (2): description, link
dbl (3): bedrooms, square_feet, price

i Use `spec()` to retrieve the full column specification for this data.
i Specify the column types or set `show_col_types = FALSE` to quiet this message.
Auto-refreshing stale OAuth token.
Id: 1814bfbd4df6a9a8
Id: 1814bfbd66801a9d
Id: 1814bfbd9470cdc0
